<?xml version="1.0" encoding="UTF-8"?>
<testsuite xmlns:xsi="http://www.w3.org/2001/XMLSchema-instance" xsi:noNamespaceSchemaLocation="https://maven.apache.org/surefire/maven-surefire-plugin/xsd/surefire-test-report-3.0.xsd" version="3.0" name="lab.CalculatorTest" time="0.005" tests="7" errors="0" skipped="0" failures="0">
  <properties>
[...]
</properties>
  <testcase name="testDivideByZero" classname="lab.CalculatorTest" time="0.001"/>
  <testcase name="testAdd" classname="lab.CalculatorTest" time="0"/>
  <testcase name="testSubtract" classname="lab.CalculatorTest" time="0"/>
  <testcase name="testDivide" classname="lab.CalculatorTest" time="0"/>
  <testcase name="testMultiply" classname="lab.CalculatorTest" time="0"/>
  <testcase name="testModulo" classname="lab.CalculatorTest" time="0"/>
  <testcase name="testModuloByZero" classname="lab.CalculatorTest" time="0"/>
</testsuite>